

***********************************************************************
Fatal NI connect error 12560, connecting to:
 (DESCRIPTION=(ADDRESS=(PROTOCOL=BEQ)(PROGRAM=oracle)(ARGV0=oracleORCL)(ARGS='(DESCRIPTION=(LOCAL=YES)(ADDRESS=(PROTOCOL=beq)))'))(CONNECT_DATA=(SID=ORCL)(CID=(PROGRAM=D:\XE201606\PZZ1010A-Xe\PZZ1010A.exe)(HOST=SKCC14D00495)(USER=Administrator))))

  VERSION INFORMATION:
	TNS for 32-bit Windows: Version 9.2.0.1.0 - Production
	Oracle Bequeath NT Protocol Adapter for 32-bit Windows: Version 9.2.0.1.0 - Production
  Time: 27-JUN-2016 13:45:23
  Tracing not turned on.
  Tns error struct:
    nr err code: 0
    ns main err code: 12560
    TNS-12560: TNS:프로토콜 어댑터 오류
    ns secondary err code: 0
    nt main err code: 530
    TNS-00530: 프로토콜 어댑터 오류입니다
    nt secondary err code: 126
    nt OS err code: 0


***********************************************************************
Fatal NI connect error 12560, connecting to:
 (DESCRIPTION=(ADDRESS=(PROTOCOL=BEQ)(PROGRAM=oracle)(ARGV0=oracleORCL)(ARGS='(DESCRIPTION=(LOCAL=YES)(ADDRESS=(PROTOCOL=beq)))'))(CONNECT_DATA=(SID=ORCL)(CID=(PROGRAM=D:\XE201606\PZZ1010A-Xe\PZZ1010A.exe)(HOST=SKCC14D00495)(USER=Administrator))))

  VERSION INFORMATION:
	TNS for 32-bit Windows: Version 9.2.0.1.0 - Production
	Oracle Bequeath NT Protocol Adapter for 32-bit Windows: Version 9.2.0.1.0 - Production
  Time: 27-JUN-2016 13:45:23
  Tracing not turned on.
  Tns error struct:
    nr err code: 0
    ns main err code: 12560
    TNS-12560: TNS:프로토콜 어댑터 오류
    ns secondary err code: 0
    nt main err code: 530
    TNS-00530: 프로토콜 어댑터 오류입니다
    nt secondary err code: 126
    nt OS err code: 0
